2025-06-26 18:40:31,378 - INFO -  한국천문연구원 특일 정보 API 공휴일 체커 초기화
2025-06-26 18:40:32,219 - INFO -  공휴일 확인: 2025-01-01 - 1월1일
2025-06-26 18:40:32,219 - INFO -  공휴일 확인: 2025-01-27 - 임시공휴일
2025-06-26 18:40:32,219 - INFO -  공휴일 확인: 2025-01-28 - 설날
2025-06-26 18:40:32,219 - INFO -  공휴일 확인: 2025-01-29 - 설날
2025-06-26 18:40:32,219 - INFO -  공휴일 확인: 2025-01-30 - 설날
2025-06-26 18:40:33,938 - INFO -  공휴일 확인: 2025-03-01 - 삼일절
2025-06-26 18:40:33,939 - INFO -  공휴일 확인: 2025-03-03 - 대체공휴일
2025-06-26 18:40:35,313 - INFO -  공휴일 확인: 2025-05-05 - 어린이날
2025-06-26 18:40:35,313 - INFO -  공휴일 확인: 2025-05-05 - 부처님오신날
2025-06-26 18:40:35,313 - INFO -  공휴일 확인: 2025-05-06 - 대체공휴일
2025-06-26 18:40:36,144 - INFO -  공휴일 확인: 2025-06-03 - 임시공휴일(제21대 대통령 선거)
2025-06-26 18:40:36,144 - INFO -  공휴일 확인: 2025-06-06 - 현충일
2025-06-26 18:40:37,047 - INFO -  공휴일 확인: 2025-08-15 - 광복절
2025-06-26 18:40:38,945 - INFO -  공휴일 확인: 2025-10-03 - 개천절
2025-06-26 18:40:38,945 - INFO -  공휴일 확인: 2025-10-05 - 추석
2025-06-26 18:40:38,945 - INFO -  공휴일 확인: 2025-10-06 - 추석
2025-06-26 18:40:38,945 - INFO -  공휴일 확인: 2025-10-07 - 추석
2025-06-26 18:40:38,945 - INFO -  공휴일 확인: 2025-10-08 - 대체공휴일
2025-06-26 18:40:38,946 - INFO -  공휴일 확인: 2025-10-09 - 한글날
2025-06-26 18:40:40,125 - INFO -  공휴일 확인: 2025-12-25 - 기독탄신일
2025-06-26 18:40:40,125 - INFO -  2025년 전체월 공휴일 20개 로드 완료
2025-06-26 18:40:40,125 - INFO -  TokenManager 초기화 - 토큰 갱신 시도
2025-06-26 18:40:41,193 - INFO -  토큰 갱신 완료: 2YLp8zy9zElS_rUdAqKW...
2025-06-26 18:40:41,194 - INFO -  G라이더 실제 데이터 수집 시작...
2025-06-26 18:40:41,194 - INFO - 크롤링 시도 1/3
2025-06-26 18:41:00,675 - INFO - ✅ 대시보드 데이터 로드 확인 (총점 확인)
2025-06-26 18:41:00,716 - INFO -  크롤링 성공
2025-06-26 18:41:00,913 - INFO - 기본 점수 파싱: 총점=42, 완료=383, 수락률=97.4%
2025-06-26 18:41:00,928 - INFO - 미션 데이터 파싱: 4개 피크
2025-06-26 18:41:01,023 - INFO - 라이더 데이터 파싱: 65명
2025-06-26 18:41:01,023 - INFO - ✅ 데이터 추출 성공. 총점: 42
2025-06-26 18:41:01,023 - INFO -  G라이더 데이터 수집 완료
2025-06-26 18:41:01,025 - INFO - ✅ 크롤링 결과를 grider_results.json 파일로 성공적으로 저장했습니다.
2025-06-26 18:41:01,025 - INFO -  유효한 토큰 반환: 2YLp8zy9zElS_rUdAqKW...
2025-06-26 18:41:06,442 - INFO - 카카오톡 리포트 전송을 요청했습니다.
2025-06-26 18:46:02,306 - INFO -  한국천문연구원 특일 정보 API 공휴일 체커 초기화
2025-06-26 18:46:03,183 - INFO -  공휴일 확인: 2025-01-01 - 1월1일
2025-06-26 18:46:03,183 - INFO -  공휴일 확인: 2025-01-27 - 임시공휴일
2025-06-26 18:46:03,183 - INFO -  공휴일 확인: 2025-01-28 - 설날
2025-06-26 18:46:03,183 - INFO -  공휴일 확인: 2025-01-29 - 설날
2025-06-26 18:46:03,183 - INFO -  공휴일 확인: 2025-01-30 - 설날
2025-06-26 18:46:05,058 - INFO -  공휴일 확인: 2025-03-01 - 삼일절
2025-06-26 18:46:05,058 - INFO -  공휴일 확인: 2025-03-03 - 대체공휴일
2025-06-26 18:46:06,434 - INFO -  공휴일 확인: 2025-05-05 - 어린이날
2025-06-26 18:46:06,434 - INFO -  공휴일 확인: 2025-05-05 - 부처님오신날
2025-06-26 18:46:06,434 - INFO -  공휴일 확인: 2025-05-06 - 대체공휴일
2025-06-26 18:46:07,267 - INFO -  공휴일 확인: 2025-06-03 - 임시공휴일(제21대 대통령 선거)
2025-06-26 18:46:07,267 - INFO -  공휴일 확인: 2025-06-06 - 현충일
2025-06-26 18:46:08,939 - INFO -  공휴일 확인: 2025-08-15 - 광복절
2025-06-26 18:46:10,278 - INFO -  공휴일 확인: 2025-10-03 - 개천절
2025-06-26 18:46:10,278 - INFO -  공휴일 확인: 2025-10-05 - 추석
2025-06-26 18:46:10,278 - INFO -  공휴일 확인: 2025-10-06 - 추석
2025-06-26 18:46:10,278 - INFO -  공휴일 확인: 2025-10-07 - 추석
2025-06-26 18:46:10,278 - INFO -  공휴일 확인: 2025-10-08 - 대체공휴일
2025-06-26 18:46:10,278 - INFO -  공휴일 확인: 2025-10-09 - 한글날
2025-06-26 18:46:10,987 - INFO -  공휴일 확인: 2025-12-25 - 기독탄신일
2025-06-26 18:46:10,987 - INFO -  2025년 전체월 공휴일 20개 로드 완료
2025-06-26 18:46:10,987 - INFO -  TokenManager 초기화 - 토큰 갱신 시도
2025-06-26 18:46:11,944 - INFO -  토큰 갱신 완료: OngHAQVB6q-VMBROtebr...
2025-06-26 18:46:11,944 - INFO -  G라이더 실제 데이터 수집 시작...
2025-06-26 18:46:11,944 - INFO - 크롤링 시도 1/3
2025-06-26 18:46:26,938 - INFO - ✅ 대시보드 데이터 로드 확인 (총점 확인)
2025-06-26 18:46:26,979 - INFO -  크롤링 성공
2025-06-26 18:46:27,182 - INFO - 기본 점수 파싱: 총점=42, 완료=383, 수락률=97.4%
2025-06-26 18:46:27,196 - INFO - 미션 데이터 파싱: 4개 피크
2025-06-26 18:46:27,289 - INFO - 라이더 데이터 파싱: 65명
2025-06-26 18:46:27,289 - INFO - ✅ 데이터 추출 성공. 총점: 42
2025-06-26 18:46:27,289 - INFO -  G라이더 데이터 수집 완료
2025-06-26 18:46:27,291 - INFO - ✅ 크롤링 결과를 grider_results.json 파일로 성공적으로 저장했습니다.
2025-06-26 18:46:27,291 - INFO -  유효한 토큰 반환: OngHAQVB6q-VMBROtebr...
2025-06-26 18:46:39,506 - INFO - 카카오톡 리포트 전송을 요청했습니다.
2025-06-26 18:54:05,585 - INFO -  한국천문연구원 특일 정보 API 공휴일 체커 초기화
2025-06-26 18:54:06,712 - INFO -  공휴일 확인: 2025-01-01 - 1월1일
2025-06-26 18:54:06,712 - INFO -  공휴일 확인: 2025-01-27 - 임시공휴일
2025-06-26 18:54:06,712 - INFO -  공휴일 확인: 2025-01-28 - 설날
2025-06-26 18:54:06,712 - INFO -  공휴일 확인: 2025-01-29 - 설날
2025-06-26 18:54:06,712 - INFO -  공휴일 확인: 2025-01-30 - 설날
2025-06-26 18:54:08,237 - INFO -  공휴일 확인: 2025-03-01 - 삼일절
2025-06-26 18:54:08,237 - INFO -  공휴일 확인: 2025-03-03 - 대체공휴일
2025-06-26 18:54:10,323 - INFO -  공휴일 확인: 2025-05-05 - 어린이날
2025-06-26 18:54:10,323 - INFO -  공휴일 확인: 2025-05-05 - 부처님오신날
2025-06-26 18:54:10,323 - INFO -  공휴일 확인: 2025-05-06 - 대체공휴일
2025-06-26 18:54:10,818 - INFO -  공휴일 확인: 2025-06-03 - 임시공휴일(제21대 대통령 선거)
2025-06-26 18:54:10,818 - INFO -  공휴일 확인: 2025-06-06 - 현충일
2025-06-26 18:54:11,709 - INFO -  공휴일 확인: 2025-08-15 - 광복절
2025-06-26 18:54:13,464 - INFO -  공휴일 확인: 2025-10-03 - 개천절
2025-06-26 18:54:13,464 - INFO -  공휴일 확인: 2025-10-05 - 추석
2025-06-26 18:54:13,464 - INFO -  공휴일 확인: 2025-10-06 - 추석
2025-06-26 18:54:13,464 - INFO -  공휴일 확인: 2025-10-07 - 추석
2025-06-26 18:54:13,464 - INFO -  공휴일 확인: 2025-10-08 - 대체공휴일
2025-06-26 18:54:13,465 - INFO -  공휴일 확인: 2025-10-09 - 한글날
2025-06-26 18:54:14,263 - INFO -  공휴일 확인: 2025-12-25 - 기독탄신일
2025-06-26 18:54:14,263 - INFO -  2025년 전체월 공휴일 20개 로드 완료
2025-06-26 18:54:14,263 - INFO -  TokenManager 초기화 - 토큰 갱신 시도
2025-06-26 18:54:15,466 - INFO -  토큰 갱신 완료: EIhmkGsR1zFx0vHYb8Go...
2025-06-26 18:54:15,466 - INFO -  G라이더 실제 데이터 수집 시작...
2025-06-26 18:54:15,466 - INFO - 크롤링 시도 1/3
2025-06-26 18:54:26,986 - INFO - ✅ 대시보드 데이터 로드 확인 (총점 확인)
2025-06-26 18:54:27,027 - INFO -  크롤링 성공
2025-06-26 18:54:27,228 - INFO - 기본 점수 파싱: 총점=42, 완료=383, 수락률=97.4%
2025-06-26 18:54:27,242 - INFO - 미션 데이터 파싱: 4개 피크
2025-06-26 18:54:27,330 - INFO - 라이더 데이터 파싱: 65명
2025-06-26 18:54:27,330 - INFO - ✅ 데이터 추출 성공. 총점: 42
2025-06-26 18:54:27,330 - INFO -  G라이더 데이터 수집 완료
2025-06-26 18:54:27,331 - INFO - ✅ 크롤링 결과를 grider_results.json 파일로 성공적으로 저장했습니다.
2025-06-26 18:54:27,332 - INFO -  유효한 토큰 반환: EIhmkGsR1zFx0vHYb8Go...
2025-06-26 18:54:29,862 - INFO - 카카오톡 리포트 전송을 요청했습니다.
